----------------8<-------------[ START TEST 
        ðŸ’» TEST
./a.out 
        ðŸ”Ž YOUR OUTPUT:
gcc: error: ../../rendu/paramsum/paramsum.c: No such file or directory
gcc: fatal error: no input files
compilation terminated.

        âŒ COMPILATION ERROR
----------------8<------------- END TEST ]
